c:\users\sreeram\cpp\matchingengineassignment\release\vc142.pdb
c:\users\sreeram\cpp\matchingengineassignment\release\symbol.obj
c:\users\sreeram\cpp\matchingengineassignment\release\response.obj
c:\users\sreeram\cpp\matchingengineassignment\release\orderbookentry.obj
c:\users\sreeram\cpp\matchingengineassignment\release\neworderrequest.obj
c:\users\sreeram\cpp\matchingengineassignment\release\matchingengine.obj
c:\users\sreeram\cpp\matchingengineassignment\release\main.obj
c:\users\sreeram\cpp\matchingengineassignment\release\cancelrequest.obj
c:\users\sreeram\cpp\matchingengineassignment\release\matchingengineassignment.exe
c:\users\sreeram\cpp\matchingengineassignment\release\matchingengineassignment.pdb
c:\users\sreeram\cpp\matchingengineassignment\release\matchingengineassignment.ipdb
c:\users\sreeram\cpp\matchingengineassignment\release\matchingengineassignment.iobj
c:\users\sreeram\cpp\githubproject\matchingengineassignmentwork\release\cancelrequest.obj
c:\users\sreeram\cpp\githubproject\matchingengineassignmentwork\release\main.obj
c:\users\sreeram\cpp\githubproject\matchingengineassignmentwork\release\matchingengine.obj
c:\users\sreeram\cpp\githubproject\matchingengineassignmentwork\release\neworderrequest.obj
c:\users\sreeram\cpp\githubproject\matchingengineassignmentwork\release\orderbookentry.obj
c:\users\sreeram\cpp\githubproject\matchingengineassignmentwork\release\response.obj
c:\users\sreeram\cpp\githubproject\matchingengineassignmentwork\release\symbol.obj
c:\users\sreeram\cpp\githubproject\matchingengineassignmentwork\release\matchingengineassignment.ipdb
c:\users\sreeram\cpp\githubproject\matchingengineassignmentwork\release\matchingengineassignment.iobj
c:\users\sreeram\cpp\githubproject\matchingengineassignmentwork\release\matchingengineassignment.pdb
c:\users\sreeram\cpp\githubproject\matchingengineassignmentwork\release\vc142.pdb
c:\users\sreeram\cpp\githubproject\matchingengineassignmentwork\release\matchingengineassignment.exe
c:\users\sreeram\cpp\githubproject\matchingengineassignmentwork\release\matching.789156c5.tlog\cl.command.1.tlog
c:\users\sreeram\cpp\githubproject\matchingengineassignmentwork\release\matching.789156c5.tlog\cl.read.1.tlog
c:\users\sreeram\cpp\githubproject\matchingengineassignmentwork\release\matching.789156c5.tlog\cl.write.1.tlog
c:\users\sreeram\cpp\githubproject\matchingengineassignmentwork\release\matching.789156c5.tlog\link.command.1.tlog
c:\users\sreeram\cpp\githubproject\matchingengineassignmentwork\release\matching.789156c5.tlog\link.read.1.tlog
c:\users\sreeram\cpp\githubproject\matchingengineassignmentwork\release\matching.789156c5.tlog\link.write.1.tlog
c:\users\sreeram\cpp\githubproject\matchingengineassignmentwork\release\matching.789156c5.tlog\matchingengineassignment.write.1u.tlog
